<?xml version="1.0" encoding="UTF-8"?>
<coverage generated="1644744436984" clover="3.2.0">
  <project timestamp="1644744436984" name="All files">
    <metrics statements="13" coveredstatements="10" conditionals="5" coveredconditionals="3" methods="5" coveredmethods="3" elements="23" coveredelements="16" complexity="0" loc="13" ncloc="13" packages="1" files="1" classes="1"/>
    <file name="Form.tsx" path="C:\Users\Gil\Documents\GitHub\react-native-testing\react-native-ts\Form.tsx">
      <metrics statements="13" coveredstatements="10" conditionals="5" coveredconditionals="3" methods="5" coveredmethods="3"/>
      <line num="10" count="1" type="stmt"/>
      <line num="14" count="3" type="stmt"/>
      <line num="18" count="3" type="stmt"/>
      <line num="19" count="1" type="stmt"/>
      <line num="20" count="3" type="stmt"/>
      <line num="21" count="0" type="stmt"/>
      <line num="25" count="3" type="stmt"/>
      <line num="26" count="3" type="cond" truecount="2" falsecount="0"/>
      <line num="28" count="3" type="stmt"/>
      <line num="29" count="0" type="stmt"/>
      <line num="30" count="0" type="stmt"/>
      <line num="33" count="3" type="stmt"/>
      <line num="58" count="1" type="stmt"/>
    </file>
  </project>
</coverage>
