{"C:\\Users\\Gil\\Documents\\GitHub\\react-native-testing\\react-native-ts\\Form.tsx": {"path":"C:\\Users\\Gil\\Documents\\GitHub\\react-native-testing\\react-native-ts\\Form.tsx","statementMap":{"0":{"start":{"line":10,"column":30},"end":{"line":56,"column":1}},"1":{"start":{"line":14,"column":48},"end":{"line":16,"column":3}},"2":{"start":{"line":18,"column":22},"end":{"line":19,"column":43}},"3":{"start":{"line":19,"column":4},"end":{"line":19,"column":43}},"4":{"start":{"line":20,"column":22},"end":{"line":23,"column":5}},"5":{"start":{"line":21,"column":4},"end":{"line":23,"column":5}},"6":{"start":{"line":25,"column":30},"end":{"line":26,"column":53}},"7":{"start":{"line":26,"column":4},"end":{"line":26,"column":53}},"8":{"start":{"line":28,"column":2},"end":{"line":31,"column":3}},"9":{"start":{"line":28,"column":11},"end":{"line":31,"column":3}},"10":{"start":{"line":29,"column":17},"end":{"line":29,"column":57}},"11":{"start":{"line":30,"column":4},"end":{"line":30,"column":20}},"12":{"start":{"line":33,"column":2},"end":{"line":55,"column":4}},"13":{"start":{"line":58,"column":15},"end":{"line":69,"column":2}}},"fnMap":{"0":{"name":"(anonymous_0)","decl":{"start":{"line":10,"column":30},"end":{"line":10,"column":31}},"loc":{"start":{"line":13,"column":6},"end":{"line":56,"column":1}},"line":13},"1":{"name":"(anonymous_1)","decl":{"start":{"line":18,"column":22},"end":{"line":18,"column":23}},"loc":{"start":{"line":19,"column":4},"end":{"line":19,"column":43}},"line":19},"2":{"name":"(anonymous_2)","decl":{"start":{"line":20,"column":22},"end":{"line":20,"column":23}},"loc":{"start":{"line":21,"column":4},"end":{"line":23,"column":5}},"line":21},"3":{"name":"(anonymous_3)","decl":{"start":{"line":25,"column":30},"end":{"line":25,"column":31}},"loc":{"start":{"line":26,"column":4},"end":{"line":26,"column":53}},"line":26},"4":{"name":"(anonymous_4)","decl":{"start":{"line":28,"column":11},"end":{"line":28,"column":12}},"loc":{"start":{"line":28,"column":21},"end":{"line":31,"column":3}},"line":28}},"branchMap":{"0":{"loc":{"start":{"line":12,"column":2},"end":{"line":12,"column":25}},"type":"default-arg","locations":[{"start":{"line":12,"column":24},"end":{"line":12,"column":25}}],"line":12},"1":{"loc":{"start":{"line":22,"column":6},"end":{"line":22,"column":51}},"type":"cond-expr","locations":[{"start":{"line":22,"column":28},"end":{"line":22,"column":47}},{"start":{"line":22,"column":50},"end":{"line":22,"column":51}}],"line":22},"2":{"loc":{"start":{"line":26,"column":4},"end":{"line":26,"column":53}},"type":"cond-expr","locations":[{"start":{"line":26,"column":19},"end":{"line":26,"column":48}},{"start":{"line":26,"column":51},"end":{"line":26,"column":53}}],"line":26}},"s":{"0":1,"1":3,"2":3,"3":1,"4":3,"5":0,"6":3,"7":3,"8":3,"9":3,"10":0,"11":0,"12":3,"13":1},"f":{"0":3,"1":1,"2":0,"3":3,"4":0},"b":{"0":[3],"1":[0,0],"2":[1,2]},"_coverageSchema":"1a1c01bbd47fc00a2c39e90264f33305004495a9","hash":"8a10cbacfefa622820859d4ffad7e41b2556ba25"}
}
